<?xml version="1.0" encoding="UTF-8"?>
<testng-results skipped="0" failed="0" ignored="0" total="3" passed="3">
  <reporter-output>
  </reporter-output>
  <suite name="Default suite" duration-ms="16675" started-at="2021-08-14T12:26:44Z" finished-at="2021-08-14T12:27:01Z">
    <groups>
    </groups>
    <test name="Default test" duration-ms="16675" started-at="2021-08-14T12:26:44Z" finished-at="2021-08-14T12:27:01Z">
      <class name="testModel01.SignInTestCase">
        <test-method status="PASS" signature="setup()[pri:0, instance:testModel01.SignInTestCase@7adda9cc]" name="setup" is-config="true" duration-ms="6321" started-at="2021-08-14T08:26:44Z" finished-at="2021-08-14T08:26:51Z">
          <reporter-output>
          </reporter-output>
        </test-method> <!-- setup -->
        <test-method status="PASS" signature="SignUPpage_Appear()[pri:0, instance:testModel01.SignInTestCase@7adda9cc]" name="SignUPpage_Appear" duration-ms="3905" started-at="2021-08-14T08:26:51Z" finished-at="2021-08-14T08:26:55Z">
          <reporter-output>
          </reporter-output>
        </test-method> <!-- SignUPpage_Appear -->
        <test-method status="PASS" signature="SignUPpage_Appear()[pri:0, instance:testModel01.SignInTestCase@7adda9cc]" name="SignUPpage_Appear" duration-ms="2360" started-at="2021-08-14T08:26:55Z" finished-at="2021-08-14T08:26:57Z">
          <reporter-output>
          </reporter-output>
        </test-method> <!-- SignUPpage_Appear -->
        <test-method status="PASS" signature="SignUPpage_Appear()[pri:0, instance:testModel01.SignInTestCase@7adda9cc]" name="SignUPpage_Appear" duration-ms="3924" started-at="2021-08-14T08:26:57Z" finished-at="2021-08-14T08:27:01Z">
          <reporter-output>
          </reporter-output>
        </test-method> <!-- SignUPpage_Appear -->
        <test-method status="PASS" signature="quit()[pri:0, instance:testModel01.SignInTestCase@7adda9cc]" name="quit" is-config="true" duration-ms="142" started-at="2021-08-14T08:27:01Z" finished-at="2021-08-14T08:27:01Z">
          <reporter-output>
          </reporter-output>
        </test-method> <!-- quit -->
      </class> <!-- testModel01.SignInTestCase -->
    </test> <!-- Default test -->
  </suite> <!-- Default suite -->
</testng-results>
