<?xml version="1.0" encoding="UTF-8"?>
<!-- Generated by org.testng.reporters.JUnitXMLReporter -->
<testsuite hostname="Khanjadas-MBP.nyc.rr.com" ignored="0" name="Default test" tests="3" failures="0" timestamp="14 Aug 2021 12:27:01 GMT" time="16.675" errors="0">
  <testcase name="SignUPpage_Appear" time="3.905" classname="testModel01.SignInTestCase"/>
  <testcase name="SignUPpage_Appear" time="2.36" classname="testModel01.SignInTestCase"/>
  <testcase name="SignUPpage_Appear" time="3.924" classname="testModel01.SignInTestCase"/>
</testsuite> <!-- Default test -->
