<?xml version="1.0" encoding="UTF-8"?>
<!-- Generated by org.testng.reporters.JUnitXMLReporter -->
<testsuite hostname="Khanjadas-MBP.nyc.rr.com" ignored="1" name="TestParameter" tests="2" failures="0" timestamp="22 Aug 2021 18:11:24 GMT" time="0.082" errors="0">
  <testcase name="@BeforeTest setup" time="0.0" classname="testMethod.DataProviderNoClass">
    <failure type="java.lang.NullPointerException">
      <![CDATA[java.lang.NullPointerException
	at testMethod.DataProviderNoClass.setup(DataProviderNoClass.java:63)
... Removed 23 stack frames]]>
    </failure>
  </testcase> <!-- @BeforeTest setup -->
  <testcase name="dataProvider2" time="0.006" classname="testMethod.DataProviderNoClass">
    <skipped/>
  </testcase> <!-- dataProvider2 -->
  <testcase name="dataProvider2" time="0.0" classname="testMethod.DataProviderNoClass">
    <skipped/>
  </testcase> <!-- dataProvider2 -->
  <testcase name="dataProvider3" time="0.0" classname="testMethod.DataProviderNoClass">
    <ignored/>
  </testcase> <!-- dataProvider3 -->
</testsuite> <!-- TestParameter -->
